  main.cpp
C:\Users\Family\source\repos\grid\grid\main.cpp(8,32): error C2440: 'initializing': cannot convert from 'int *' to 'std::vector<T,std::allocator<T>>'
          with
          [
              T=int
          ]
C:\Users\Family\source\repos\grid\grid\main.cpp(8,32): message : 'std::vector<T,std::allocator<T>>::vector': no overloaded function could convert all the argument types
          with
          [
              T=int
          ]
C:\Program Files\Microsoft Visual Studio\2022\Community\VC\Tools\MSVC\14.37.32822\include\vector(656,5): message : could be 'std::vector<T,std::allocator<T>>::vector(std::initializer_list<_Ty>,const _Alloc &)'
          with
          [
              T=int,
              _Ty=int,
              _Alloc=std::allocator<int>
          ]
C:\Users\Family\source\repos\grid\grid\main.cpp(8,32): message : 'std::vector<T,std::allocator<T>>::vector(std::initializer_list<_Ty>,const _Alloc &)': cannot convert argument 1 from 'int *' to 'std::initializer_list<_Ty>'
          with
          [
              T=int,
              _Ty=int,
              _Alloc=std::allocator<int>
          ]
          and
          [
              _Ty=int
          ]
C:\Users\Family\source\repos\grid\grid\main.cpp(8,32): message : Conversion requires a second user-defined-conversion operator or constructor
C:\Program Files\Microsoft Visual Studio\2022\Community\VC\Tools\MSVC\14.37.32822\include\vector(629,5): message : or       'std::vector<T,std::allocator<T>>::vector(_Iter,_Iter,const _Alloc &)'
          with
          [
              T=int,
              _Alloc=std::allocator<int>
          ]
C:\Users\Family\source\repos\grid\grid\main.cpp(8,32): message : while trying to match the argument list '(int *)'
